<?xml version="1.0" encoding="UTF-8"?>
<testng-results skipped="0" failed="0" ignored="0" total="0" passed="0">
  <reporter-output>
  </reporter-output>
  <suite name="RunCucumberTest" duration-ms="4" started-at="2019-04-18T17:10:11Z" finished-at="2019-04-18T17:10:11Z">
    <groups>
    </groups>
    <test name="Command line test" duration-ms="4" started-at="2019-04-18T17:10:11Z" finished-at="2019-04-18T17:10:11Z">
    </test> <!-- Command line test -->
  </suite> <!-- RunCucumberTest -->
</testng-results>
